2025/09/29 15:28:26 - mmengine - INFO - 
------------------------------------------------------------
System environment:
    sys.platform: linux
    Python: 3.11.13 (main, Jun  4 2025, 08:57:29) [GCC 11.4.0]
    CUDA available: True
    MUSA available: False
    numpy_random_seed: 1404917148
    GPU 0,1: Tesla T4
    CUDA_HOME: /usr/local/cuda
    NVCC: Cuda compilation tools, release 12.5, V12.5.82
    GCC: x86_64-linux-gnu-gcc (Ubuntu 11.4.0-1ubuntu1~22.04) 11.4.0
    PyTorch: 2.0.0+cu117
    PyTorch compiling details: PyTorch built with:
  - GCC 9.3
  - C++ Version: 201703
  - Intel(R) oneAPI Math Kernel Library Version 2025.2-Product Build 20250620 for Intel(R) 64 architecture applications
  - Intel(R) MKL-DNN v2.7.3 (Git Hash 6dbeffbae1f23cbbeae17adb7b5b13f1f37c080e)
  - OpenMP 201511 (a.k.a. OpenMP 4.5)
  - LAPACK is enabled (usually provided by MKL)
  - NNPACK is enabled
  - CPU capability usage: AVX2
  - CUDA Runtime 11.7
  - NVCC architecture flags: -gencode;arch=compute_37,code=sm_37;-gencode;arch=compute_50,code=sm_50;-gencode;arch=compute_60,code=sm_60;-gencode;arch=compute_70,code=sm_70;-gencode;arch=compute_75,code=sm_75;-gencode;arch=compute_80,code=sm_80;-gencode;arch=compute_86,code=sm_86
  - CuDNN 8.5
  - Magma 2.6.1
  - Build settings: BLAS_INFO=mkl, BUILD_TYPE=Release, CUDA_VERSION=11.7, CUDNN_VERSION=8.5.0, CXX_COMPILER=/opt/rh/devtoolset-9/root/usr/bin/c++, CXX_FLAGS= -D_GLIBCXX_USE_CXX11_ABI=0 -fabi-version=11 -Wno-deprecated -fvisibility-inlines-hidden -DUSE_PTHREADPOOL -DNDEBUG -DUSE_KINETO -DLIBKINETO_NOROCTRACER -DUSE_FBGEMM -DUSE_QNNPACK -DUSE_PYTORCH_QNNPACK -DUSE_XNNPACK -DSYMBOLICATE_MOBILE_DEBUG_HANDLE -O2 -fPIC -Wall -Wextra -Werror=return-type -Werror=non-virtual-dtor -Werror=bool-operation -Wnarrowing -Wno-missing-field-initializers -Wno-type-limits -Wno-array-bounds -Wno-unknown-pragmas -Wunused-local-typedefs -Wno-unused-parameter -Wno-unused-function -Wno-unused-result -Wno-strict-overflow -Wno-strict-aliasing -Wno-error=deprecated-declarations -Wno-stringop-overflow -Wno-psabi -Wno-error=pedantic -Wno-error=redundant-decls -Wno-error=old-style-cast -fdiagnostics-color=always -faligned-new -Wno-unused-but-set-variable -Wno-maybe-uninitialized -fno-math-errno -fno-trapping-math -Werror=format -Werror=cast-function-type -Wno-stringop-overflow, LAPACK_INFO=mkl, PERF_WITH_AVX=1, PERF_WITH_AVX2=1, PERF_WITH_AVX512=1, TORCH_DISABLE_GPU_ASSERTS=ON, TORCH_VERSION=2.0.0, USE_CUDA=ON, USE_CUDNN=ON, USE_EXCEPTION_PTR=1, USE_GFLAGS=OFF, USE_GLOG=OFF, USE_MKL=ON, USE_MKLDNN=ON, USE_MPI=OFF, USE_NCCL=1, USE_NNPACK=ON, USE_OPENMP=ON, USE_ROCM=OFF, 

    TorchVision: 0.15.1+cu117
    OpenCV: 4.11.0
    MMEngine: 0.10.7

Runtime environment:
    cudnn_benchmark: False
    mp_cfg: {'mp_start_method': 'fork', 'opencv_num_threads': 0}
    dist_cfg: {'backend': 'nccl'}
    seed: 1404917148
    Distributed launcher: none
    Distributed training: False
    GPU number: 1
------------------------------------------------------------

2025/09/29 15:28:26 - mmengine - INFO - Config:
auto_scale_lr = dict(base_batch_size=2, enable=False)
backend_args = None
custom_imports = dict(
    allow_failed_imports=False, imports=[
        'projects.CO-DETR.codetr',
    ])
data_root = './datasets/'
dataset_type = 'CocoDataset'
default_hooks = dict(
    checkpoint=dict(
        by_epoch=True,
        interval=1,
        max_keep_ckpts=1,
        save_best='auto',
        type='CheckpointHook'),
    logger=dict(interval=50, type='LoggerHook'),
    param_scheduler=dict(type='ParamSchedulerHook'),
    sampler_seed=dict(type='DistSamplerSeedHook'),
    timer=dict(type='IterTimerHook'),
    visualization=dict(type='DetVisualizationHook'))
default_scope = 'mmdet'
env_cfg = dict(
    cudnn_benchmark=False,
    dist_cfg=dict(backend='nccl'),
    mp_cfg=dict(mp_start_method='fork', opencv_num_threads=0))
launcher = 'none'
load_from = '/kaggle/input/inference-co-detr/epoch_12.pth'
log_level = 'INFO'
log_processor = dict(by_epoch=True, type='LogProcessor', window_size=50)
loss_lambda = 2.0
max_epochs = 12
metainfo = dict(classes=(
    'MP',
    'OC',
    'SC',
    'SP',
    'SPC',
))
model = dict(
    backbone=dict(
        depth=50,
        frozen_stages=1,
        init_cfg=dict(checkpoint='torchvision://resnet50', type='Pretrained'),
        norm_cfg=dict(requires_grad=False, type='BN'),
        norm_eval=True,
        num_stages=4,
        out_indices=(
            0,
            1,
            2,
            3,
        ),
        style='pytorch',
        type='ResNet'),
    bbox_head=[
        dict(
            anchor_generator=dict(
                octave_base_scale=8,
                ratios=[
                    1.0,
                ],
                scales_per_octave=1,
                strides=[
                    4,
                    8,
                    16,
                    32,
                    64,
                    128,
                ],
                type='AnchorGenerator'),
            bbox_coder=dict(
                target_means=[
                    0.0,
                    0.0,
                    0.0,
                    0.0,
                ],
                target_stds=[
                    0.1,
                    0.1,
                    0.2,
                    0.2,
                ],
                type='DeltaXYWHBBoxCoder'),
            feat_channels=256,
            in_channels=256,
            loss_bbox=dict(loss_weight=24.0, type='GIoULoss'),
            loss_centerness=dict(
                loss_weight=12.0, type='CrossEntropyLoss', use_sigmoid=True),
            loss_cls=dict(
                alpha=0.25,
                gamma=2.0,
                loss_weight=12.0,
                type='FocalLoss',
                use_sigmoid=True),
            num_classes=5,
            stacked_convs=1,
            type='CoATSSHead'),
    ],
    data_preprocessor=dict(
        batch_augments=None,
        bgr_to_rgb=True,
        mean=[
            123.675,
            116.28,
            103.53,
        ],
        pad_mask=False,
        std=[
            58.395,
            57.12,
            57.375,
        ],
        type='DetDataPreprocessor'),
    eval_module='detr',
    neck=dict(
        act_cfg=None,
        in_channels=[
            256,
            512,
            1024,
            2048,
        ],
        kernel_size=1,
        norm_cfg=dict(num_groups=32, type='GN'),
        num_outs=5,
        out_channels=256,
        type='ChannelMapper'),
    query_head=dict(
        as_two_stage=True,
        dn_cfg=dict(
            box_noise_scale=1.0,
            group_cfg=dict(dynamic=True, num_dn_queries=100, num_groups=None),
            label_noise_scale=0.5),
        in_channels=2048,
        loss_bbox=dict(loss_weight=5.0, type='L1Loss'),
        loss_cls=dict(
            beta=2.0,
            loss_weight=1.0,
            type='QualityFocalLoss',
            use_sigmoid=True),
        loss_iou=dict(loss_weight=2.0, type='GIoULoss'),
        num_classes=5,
        num_query=900,
        positional_encoding=dict(
            normalize=True,
            num_feats=128,
            temperature=20,
            type='SinePositionalEncoding'),
        transformer=dict(
            decoder=dict(
                num_layers=6,
                return_intermediate=True,
                transformerlayers=dict(
                    attn_cfgs=[
                        dict(
                            dropout=0.0,
                            embed_dims=256,
                            num_heads=8,
                            type='MultiheadAttention'),
                        dict(
                            dropout=0.0,
                            embed_dims=256,
                            num_levels=5,
                            type='MultiScaleDeformableAttention'),
                    ],
                    feedforward_channels=2048,
                    ffn_dropout=0.0,
                    operation_order=(
                        'self_attn',
                        'norm',
                        'cross_attn',
                        'norm',
                        'ffn',
                        'norm',
                    ),
                    type='DetrTransformerDecoderLayer'),
                type='DinoTransformerDecoder'),
            encoder=dict(
                num_layers=6,
                transformerlayers=dict(
                    attn_cfgs=dict(
                        dropout=0.0,
                        embed_dims=256,
                        num_levels=5,
                        type='MultiScaleDeformableAttention'),
                    feedforward_channels=2048,
                    ffn_dropout=0.0,
                    operation_order=(
                        'self_attn',
                        'norm',
                        'ffn',
                        'norm',
                    ),
                    type='BaseTransformerLayer'),
                type='DetrTransformerEncoder',
                with_cp=4),
            num_co_heads=2,
            num_feature_levels=5,
            type='CoDinoTransformer',
            with_coord_feat=False),
        type='CoDINOHead'),
    roi_head=[
        dict(
            bbox_head=dict(
                bbox_coder=dict(
                    target_means=[
                        0.0,
                        0.0,
                        0.0,
                        0.0,
                    ],
                    target_stds=[
                        0.1,
                        0.1,
                        0.2,
                        0.2,
                    ],
                    type='DeltaXYWHBBoxCoder'),
                fc_out_channels=1024,
                in_channels=256,
                loss_bbox=dict(loss_weight=120.0, type='GIoULoss'),
                loss_cls=dict(
                    loss_weight=12.0,
                    type='CrossEntropyLoss',
                    use_sigmoid=False),
                num_classes=5,
                reg_class_agnostic=False,
                reg_decoded_bbox=True,
                roi_feat_size=7,
                type='Shared2FCBBoxHead'),
            bbox_roi_extractor=dict(
                featmap_strides=[
                    4,
                    8,
                    16,
                    32,
                    64,
                ],
                finest_scale=56,
                out_channels=256,
                roi_layer=dict(
                    output_size=7, sampling_ratio=0, type='RoIAlign'),
                type='SingleRoIExtractor'),
            type='CoStandardRoIHead'),
    ],
    rpn_head=dict(
        anchor_generator=dict(
            octave_base_scale=4,
            ratios=[
                0.5,
                1.0,
                2.0,
            ],
            scales_per_octave=3,
            strides=[
                4,
                8,
                16,
                32,
                64,
                128,
            ],
            type='AnchorGenerator'),
        bbox_coder=dict(
            target_means=[
                0.0,
                0.0,
                0.0,
                0.0,
            ],
            target_stds=[
                1.0,
                1.0,
                1.0,
                1.0,
            ],
            type='DeltaXYWHBBoxCoder'),
        feat_channels=256,
        in_channels=256,
        loss_bbox=dict(loss_weight=12.0, type='L1Loss'),
        loss_cls=dict(
            loss_weight=12.0, type='CrossEntropyLoss', use_sigmoid=True),
        type='RPNHead'),
    test_cfg=[
        dict(max_per_img=300, nms=dict(iou_threshold=0.8, type='soft_nms')),
        dict(
            rcnn=dict(
                max_per_img=100,
                nms=dict(iou_threshold=0.5, type='nms'),
                score_thr=0.0),
            rpn=dict(
                max_per_img=1000,
                min_bbox_size=0,
                nms=dict(iou_threshold=0.7, type='nms'),
                nms_pre=1000)),
        dict(
            max_per_img=100,
            min_bbox_size=0,
            nms=dict(iou_threshold=0.6, type='nms'),
            nms_pre=1000,
            score_thr=0.0),
    ],
    train_cfg=[
        dict(
            assigner=dict(
                match_costs=[
                    dict(type='FocalLossCost', weight=2.0),
                    dict(box_format='xywh', type='BBoxL1Cost', weight=5.0),
                    dict(iou_mode='giou', type='IoUCost', weight=2.0),
                ],
                type='HungarianAssigner')),
        dict(
            rcnn=dict(
                assigner=dict(
                    ignore_iof_thr=-1,
                    match_low_quality=False,
                    min_pos_iou=0.5,
                    neg_iou_thr=0.5,
                    pos_iou_thr=0.5,
                    type='MaxIoUAssigner'),
                debug=False,
                pos_weight=-1,
                sampler=dict(
                    add_gt_as_proposals=True,
                    neg_pos_ub=-1,
                    num=512,
                    pos_fraction=0.25,
                    type='RandomSampler')),
            rpn=dict(
                allowed_border=-1,
                assigner=dict(
                    ignore_iof_thr=-1,
                    match_low_quality=True,
                    min_pos_iou=0.3,
                    neg_iou_thr=0.3,
                    pos_iou_thr=0.7,
                    type='MaxIoUAssigner'),
                debug=False,
                pos_weight=-1,
                sampler=dict(
                    add_gt_as_proposals=False,
                    neg_pos_ub=-1,
                    num=256,
                    pos_fraction=0.5,
                    type='RandomSampler')),
            rpn_proposal=dict(
                max_per_img=1000,
                min_bbox_size=0,
                nms=dict(iou_threshold=0.7, type='nms'),
                nms_pre=4000)),
        dict(
            allowed_border=-1,
            assigner=dict(topk=9, type='ATSSAssigner'),
            debug=False,
            pos_weight=-1),
    ],
    type='CoDETR',
    use_lsj=False)
num_classes = 5
num_dec_layer = 6
optim_wrapper = dict(
    clip_grad=dict(max_norm=0.1, norm_type=2),
    optimizer=dict(lr=0.0002, type='AdamW', weight_decay=0.0001),
    paramwise_cfg=dict(custom_keys=dict(backbone=dict(lr_mult=0.1))),
    type='OptimWrapper')
param_scheduler = [
    dict(
        begin=0,
        by_epoch=True,
        end=12,
        gamma=0.1,
        milestones=[
            11,
        ],
        type='MultiStepLR'),
]
resume = False
test_cfg = dict(type='TestLoop')
test_dataloader = dict(
    batch_size=1,
    dataset=dict(
        ann_file='val.json',
        backend_args=None,
        data_prefix=dict(img='val/'),
        data_root='./datasets/',
        metainfo=dict(classes=(
            'MP',
            'OC',
            'SC',
            'SP',
            'SPC',
        )),
        pipeline=[
            dict(backend_args=None, type='LoadImageFromFile'),
            dict(keep_ratio=True, scale=(
                960,
                960,
            ), type='Resize'),
            dict(type='LoadAnnotations', with_bbox=True),
            dict(
                meta_keys=(
                    'img_id',
                    'img_path',
                    'ori_shape',
                    'img_shape',
                    'scale_factor',
                ),
                type='PackDetInputs'),
        ],
        test_mode=True,
        type='CocoDataset'),
    drop_last=False,
    num_workers=1,
    persistent_workers=True,
    sampler=dict(shuffle=False, type='DefaultSampler'))
test_evaluator = dict(
    ann_file='./datasets/val.json',
    backend_args=None,
    classwise=True,
    format_only=False,
    metric='bbox',
    type='CocoMetric')
test_pipeline = [
    dict(backend_args=None, type='LoadImageFromFile'),
    dict(keep_ratio=True, scale=(
        960,
        960,
    ), type='Resize'),
    dict(type='LoadAnnotations', with_bbox=True),
    dict(
        meta_keys=(
            'img_id',
            'img_path',
            'ori_shape',
            'img_shape',
            'scale_factor',
        ),
        type='PackDetInputs'),
]
train_batch_size_per_gpu = 1
train_cfg = dict(max_epochs=12, type='EpochBasedTrainLoop', val_interval=1)
train_dataloader = dict(
    batch_sampler=dict(type='AspectRatioBatchSampler'),
    batch_size=1,
    dataset=dict(
        ann_file='train.json',
        backend_args=None,
        data_prefix=dict(img='train/'),
        data_root='./datasets/',
        filter_cfg=dict(filter_empty_gt=True, min_size=32),
        metainfo=dict(classes=(
            'MP',
            'OC',
            'SC',
            'SP',
            'SPC',
        )),
        pipeline=[
            dict(backend_args=None, type='LoadImageFromFile'),
            dict(type='LoadAnnotations', with_bbox=True),
            dict(keep_ratio=True, scale=(
                960,
                960,
            ), type='Resize'),
            dict(type='PackDetInputs'),
        ],
        type='CocoDataset'),
    num_workers=1,
    persistent_workers=True,
    sampler=dict(shuffle=True, type='DefaultSampler'))
train_num_workers = 1
train_pipeline = [
    dict(backend_args=None, type='LoadImageFromFile'),
    dict(type='LoadAnnotations', with_bbox=True),
    dict(keep_ratio=True, scale=(
        960,
        960,
    ), type='Resize'),
    dict(type='PackDetInputs'),
]
val_batch_size_per_gpu = 1
val_cfg = dict(type='ValLoop')
val_dataloader = dict(
    batch_size=1,
    dataset=dict(
        ann_file='val.json',
        backend_args=None,
        data_prefix=dict(img='val/'),
        data_root='./datasets/',
        metainfo=dict(classes=(
            'MP',
            'OC',
            'SC',
            'SP',
            'SPC',
        )),
        pipeline=[
            dict(backend_args=None, type='LoadImageFromFile'),
            dict(keep_ratio=True, scale=(
                960,
                960,
            ), type='Resize'),
            dict(type='LoadAnnotations', with_bbox=True),
            dict(
                meta_keys=(
                    'img_id',
                    'img_path',
                    'ori_shape',
                    'img_shape',
                    'scale_factor',
                ),
                type='PackDetInputs'),
        ],
        test_mode=True,
        type='CocoDataset'),
    drop_last=False,
    num_workers=1,
    persistent_workers=True,
    sampler=dict(shuffle=False, type='DefaultSampler'))
val_evaluator = dict(
    ann_file='./datasets/val.json',
    backend_args=None,
    classwise=True,
    format_only=False,
    metric='bbox',
    type='CocoMetric')
val_num_workers = 1
vis_backends = [
    dict(type='LocalVisBackend'),
]
visualizer = dict(
    name='visualizer',
    type='DetLocalVisualizer',
    vis_backends=[
        dict(type='LocalVisBackend'),
    ])
work_dir = 'results/evaluate'

Name of parameter - Initialization information

rpn_conv.weight - torch.Size([256, 256, 3, 3]): 
NormalInit: mean=0, std=0.01, bias=0 

rpn_conv.bias - torch.Size([256]): 
NormalInit: mean=0, std=0.01, bias=0 

rpn_cls.weight - torch.Size([9, 256, 1, 1]): 
NormalInit: mean=0, std=0.01, bias=0 

rpn_cls.bias - torch.Size([9]): 
NormalInit: mean=0, std=0.01, bias=0 

rpn_reg.weight - torch.Size([36, 256, 1, 1]): 
NormalInit: mean=0, std=0.01, bias=0 

rpn_reg.bias - torch.Size([36]): 
NormalInit: mean=0, std=0.01, bias=0 
Name of parameter - Initialization information

bbox_head.fc_cls.weight - torch.Size([6, 1024]): 
NormalInit: mean=0, std=0.01, bias=0 

bbox_head.fc_cls.bias - torch.Size([6]): 
NormalInit: mean=0, std=0.01, bias=0 

bbox_head.fc_reg.weight - torch.Size([20, 1024]): 
NormalInit: mean=0, std=0.001, bias=0 

bbox_head.fc_reg.bias - torch.Size([20]): 
NormalInit: mean=0, std=0.001, bias=0 

bbox_head.shared_fcs.0.weight - torch.Size([1024, 12544]): 
XavierInit: gain=1, distribution=uniform, bias=0 

bbox_head.shared_fcs.0.bias - torch.Size([1024]): 
XavierInit: gain=1, distribution=uniform, bias=0 

bbox_head.shared_fcs.1.weight - torch.Size([1024, 1024]): 
XavierInit: gain=1, distribution=uniform, bias=0 

bbox_head.shared_fcs.1.bias - torch.Size([1024]): 
XavierInit: gain=1, distribution=uniform, bias=0 
Name of parameter - Initialization information

cls_convs.0.conv.weight - torch.Size([256, 256, 3, 3]): 
NormalInit: mean=0, std=0.01, bias=0 

cls_convs.0.gn.weight - torch.Size([256]): 
The value is the same before and after calling `init_weights` of CoATSSHead  

cls_convs.0.gn.bias - torch.Size([256]): 
The value is the same before and after calling `init_weights` of CoATSSHead  

reg_convs.0.conv.weight - torch.Size([256, 256, 3, 3]): 
NormalInit: mean=0, std=0.01, bias=0 

reg_convs.0.gn.weight - torch.Size([256]): 
The value is the same before and after calling `init_weights` of CoATSSHead  

reg_convs.0.gn.bias - torch.Size([256]): 
The value is the same before and after calling `init_weights` of CoATSSHead  

atss_cls.weight - torch.Size([5, 256, 3, 3]): 
NormalInit: mean=0, std=0.01, bias=-4.59511985013459 

atss_cls.bias - torch.Size([5]): 
NormalInit: mean=0, std=0.01, bias=-4.59511985013459 

atss_reg.weight - torch.Size([4, 256, 3, 3]): 
NormalInit: mean=0, std=0.01, bias=0 

atss_reg.bias - torch.Size([4]): 
NormalInit: mean=0, std=0.01, bias=0 

atss_centerness.weight - torch.Size([1, 256, 3, 3]): 
NormalInit: mean=0, std=0.01, bias=0 

atss_centerness.bias - torch.Size([1]): 
NormalInit: mean=0, std=0.01, bias=0 

scales.0.scale - torch.Size([]): 
The value is the same before and after calling `init_weights` of CoATSSHead  

scales.1.scale - torch.Size([]): 
The value is the same before and after calling `init_weights` of CoATSSHead  

scales.2.scale - torch.Size([]): 
The value is the same before and after calling `init_weights` of CoATSSHead  

scales.3.scale - torch.Size([]): 
The value is the same before and after calling `init_weights` of CoATSSHead  

scales.4.scale - torch.Size([]): 
The value is the same before and after calling `init_weights` of CoATSSHead  

scales.5.scale - torch.Size([]): 
The value is the same before and after calling `init_weights` of CoATSSHead  
2025/09/29 15:28:29 - mmengine - INFO - Distributed training is not used, all SyncBatchNorm (SyncBN) layers in the model will be automatically reverted to BatchNormXd layers if they are used.
2025/09/29 15:28:29 - mmengine - INFO - Hooks will be executed in the following order:
before_run:
(VERY_HIGH   ) RuntimeInfoHook                    
(BELOW_NORMAL) LoggerHook                         
 -------------------- 
before_train:
(VERY_HIGH   ) RuntimeInfoHook                    
(NORMAL      ) IterTimerHook                      
(VERY_LOW    ) CheckpointHook                     
 -------------------- 
before_train_epoch:
(VERY_HIGH   ) RuntimeInfoHook                    
(NORMAL      ) IterTimerHook                      
(NORMAL      ) DistSamplerSeedHook                
 -------------------- 
before_train_iter:
(VERY_HIGH   ) RuntimeInfoHook                    
(NORMAL      ) IterTimerHook                      
 -------------------- 
after_train_iter:
(VERY_HIGH   ) RuntimeInfoHook                    
(NORMAL      ) IterTimerHook                      
(BELOW_NORMAL) LoggerHook                         
(LOW         ) ParamSchedulerHook                 
(VERY_LOW    ) CheckpointHook                     
 -------------------- 
after_train_epoch:
(NORMAL      ) IterTimerHook                      
(LOW         ) ParamSchedulerHook                 
(VERY_LOW    ) CheckpointHook                     
 -------------------- 
before_val:
(VERY_HIGH   ) RuntimeInfoHook                    
 -------------------- 
before_val_epoch:
(NORMAL      ) IterTimerHook                      
 -------------------- 
before_val_iter:
(NORMAL      ) IterTimerHook                      
 -------------------- 
after_val_iter:
(NORMAL      ) IterTimerHook                      
(NORMAL      ) DetVisualizationHook               
(BELOW_NORMAL) LoggerHook                         
 -------------------- 
after_val_epoch:
(VERY_HIGH   ) RuntimeInfoHook                    
(NORMAL      ) IterTimerHook                      
(BELOW_NORMAL) LoggerHook                         
(LOW         ) ParamSchedulerHook                 
(VERY_LOW    ) CheckpointHook                     
 -------------------- 
after_val:
(VERY_HIGH   ) RuntimeInfoHook                    
 -------------------- 
after_train:
(VERY_HIGH   ) RuntimeInfoHook                    
(VERY_LOW    ) CheckpointHook                     
 -------------------- 
before_test:
(VERY_HIGH   ) RuntimeInfoHook                    
 -------------------- 
before_test_epoch:
(NORMAL      ) IterTimerHook                      
 -------------------- 
before_test_iter:
(NORMAL      ) IterTimerHook                      
 -------------------- 
after_test_iter:
(NORMAL      ) IterTimerHook                      
(NORMAL      ) DetVisualizationHook               
(BELOW_NORMAL) LoggerHook                         
 -------------------- 
after_test_epoch:
(VERY_HIGH   ) RuntimeInfoHook                    
(NORMAL      ) IterTimerHook                      
(BELOW_NORMAL) LoggerHook                         
 -------------------- 
after_test:
(VERY_HIGH   ) RuntimeInfoHook                    
 -------------------- 
after_run:
(BELOW_NORMAL) LoggerHook                         
 -------------------- 
2025/09/29 15:28:29 - mmengine - WARNING - The prefix is not set in metric class DumpDetResults.
2025/09/29 15:28:36 - mmengine - INFO - Load checkpoint from /kaggle/input/inference-co-detr/epoch_12.pth
2025/09/29 15:29:03 - mmengine - INFO - Evaluating bbox...
2025/09/29 15:29:04 - mmengine - INFO - 
+----------+-------+--------+--------+-------+-------+-------+
| category | mAP   | mAP_50 | mAP_75 | mAP_s | mAP_m | mAP_l |
+----------+-------+--------+--------+-------+-------+-------+
| MP       | 0.696 | 0.833  | 0.786  | nan   | 0.644 | 0.768 |
| OC       | 0.534 | 0.916  | 0.588  | nan   | 0.527 | 0.75  |
| SC       | 0.42  | 0.834  | 0.331  | nan   | 0.437 | 0.251 |
| SP       | 0.535 | 0.884  | 0.615  | nan   | 0.535 | nan   |
| SPC      | 0.451 | 0.927  | 0.444  | nan   | 0.449 | 0.473 |
+----------+-------+--------+--------+-------+-------+-------+
2025/09/29 15:29:04 - mmengine - INFO - bbox_mAP_copypaste: 0.527 0.879 0.553 -1.000 0.518 0.561
2025/09/29 15:29:04 - mmengine - INFO - Results has been saved to results/results.pkl.
2025/09/29 15:29:04 - mmengine - INFO - Epoch(test) [43/43]    coco/MP_precision: 0.6960  coco/OC_precision: 0.5340  coco/SC_precision: 0.4200  coco/SP_precision: 0.5350  coco/SPC_precision: 0.4510  coco/bbox_mAP: 0.5270  coco/bbox_mAP_50: 0.8790  coco/bbox_mAP_75: 0.5530  coco/bbox_mAP_s: -1.0000  coco/bbox_mAP_m: 0.5180  coco/bbox_mAP_l: 0.5610  data_time: 0.0063  time: 0.6319
