2025/09/28 18:25:26 - mmengine - INFO - 
------------------------------------------------------------
System environment:
    sys.platform: linux
    Python: 3.11.13 (main, Jun  4 2025, 08:57:29) [GCC 11.4.0]
    CUDA available: True
    MUSA available: False
    numpy_random_seed: 1074203470
    GPU 0,1: Tesla T4
    CUDA_HOME: /usr/local/cuda
    NVCC: Cuda compilation tools, release 12.5, V12.5.82
    GCC: x86_64-linux-gnu-gcc (Ubuntu 11.4.0-1ubuntu1~22.04) 11.4.0
    PyTorch: 2.0.0+cu117
    PyTorch compiling details: PyTorch built with:
  - GCC 9.3
  - C++ Version: 201703
  - Intel(R) oneAPI Math Kernel Library Version 2025.2-Product Build 20250620 for Intel(R) 64 architecture applications
  - Intel(R) MKL-DNN v2.7.3 (Git Hash 6dbeffbae1f23cbbeae17adb7b5b13f1f37c080e)
  - OpenMP 201511 (a.k.a. OpenMP 4.5)
  - LAPACK is enabled (usually provided by MKL)
  - NNPACK is enabled
  - CPU capability usage: AVX2
  - CUDA Runtime 11.7
  - NVCC architecture flags: -gencode;arch=compute_37,code=sm_37;-gencode;arch=compute_50,code=sm_50;-gencode;arch=compute_60,code=sm_60;-gencode;arch=compute_70,code=sm_70;-gencode;arch=compute_75,code=sm_75;-gencode;arch=compute_80,code=sm_80;-gencode;arch=compute_86,code=sm_86
  - CuDNN 8.5
  - Magma 2.6.1
  - Build settings: BLAS_INFO=mkl, BUILD_TYPE=Release, CUDA_VERSION=11.7, CUDNN_VERSION=8.5.0, CXX_COMPILER=/opt/rh/devtoolset-9/root/usr/bin/c++, CXX_FLAGS= -D_GLIBCXX_USE_CXX11_ABI=0 -fabi-version=11 -Wno-deprecated -fvisibility-inlines-hidden -DUSE_PTHREADPOOL -DNDEBUG -DUSE_KINETO -DLIBKINETO_NOROCTRACER -DUSE_FBGEMM -DUSE_QNNPACK -DUSE_PYTORCH_QNNPACK -DUSE_XNNPACK -DSYMBOLICATE_MOBILE_DEBUG_HANDLE -O2 -fPIC -Wall -Wextra -Werror=return-type -Werror=non-virtual-dtor -Werror=bool-operation -Wnarrowing -Wno-missing-field-initializers -Wno-type-limits -Wno-array-bounds -Wno-unknown-pragmas -Wunused-local-typedefs -Wno-unused-parameter -Wno-unused-function -Wno-unused-result -Wno-strict-overflow -Wno-strict-aliasing -Wno-error=deprecated-declarations -Wno-stringop-overflow -Wno-psabi -Wno-error=pedantic -Wno-error=redundant-decls -Wno-error=old-style-cast -fdiagnostics-color=always -faligned-new -Wno-unused-but-set-variable -Wno-maybe-uninitialized -fno-math-errno -fno-trapping-math -Werror=format -Werror=cast-function-type -Wno-stringop-overflow, LAPACK_INFO=mkl, PERF_WITH_AVX=1, PERF_WITH_AVX2=1, PERF_WITH_AVX512=1, TORCH_DISABLE_GPU_ASSERTS=ON, TORCH_VERSION=2.0.0, USE_CUDA=ON, USE_CUDNN=ON, USE_EXCEPTION_PTR=1, USE_GFLAGS=OFF, USE_GLOG=OFF, USE_MKL=ON, USE_MKLDNN=ON, USE_MPI=OFF, USE_NCCL=1, USE_NNPACK=ON, USE_OPENMP=ON, USE_ROCM=OFF, 

    TorchVision: 0.15.1+cu117
    OpenCV: 4.11.0
    MMEngine: 0.10.7

Runtime environment:
    cudnn_benchmark: True
    mp_cfg: {'mp_start_method': 'fork', 'opencv_num_threads': 0}
    dist_cfg: {'backend': 'nccl'}
    seed: 1074203470
    Distributed launcher: none
    Distributed training: False
    GPU number: 1
------------------------------------------------------------

2025/09/28 18:25:26 - mmengine - INFO - Config:
auto_scale_lr = dict(base_batch_size=4, enable=False)
backend_args = None
batch_augments = [
    dict(size=(
        896,
        896,
    ), type='BatchFixedSizePad'),
]
checkpoint = '/kaggle/input/checkpoint/efficientnet-b3_3rdparty_8xb32-aa-advprop_in1k_20220119-53b41118.pth'
custom_hooks = [
    dict(
        ema_type='ExpMomentumEMA',
        momentum=0.0002,
        priority=49,
        type='EMAHook',
        update_buffers=True),
]
custom_imports = dict(
    allow_failed_imports=False,
    imports=[
        'projects.EfficientDet.efficientdet',
    ])
data_root = './datasets/'
dataset_type = 'CocoDataset'
default_hooks = dict(
    checkpoint=dict(
        interval=1, max_keep_ckpts=1, save_best='auto', type='CheckpointHook'),
    logger=dict(interval=5, type='LoggerHook'),
    param_scheduler=dict(type='ParamSchedulerHook'),
    sampler_seed=dict(type='DistSamplerSeedHook'),
    timer=dict(type='IterTimerHook'),
    visualization=dict(type='DetVisualizationHook'))
default_scope = 'mmdet'
env_cfg = dict(
    cudnn_benchmark=True,
    dist_cfg=dict(backend='nccl'),
    mp_cfg=dict(mp_start_method='fork', opencv_num_threads=0))
evalute_type = 'CocoMetric'
image_size = 896
launcher = 'none'
load_from = '/kaggle/input/inference-efficientdet/best_coco_MP_precision_epoch_43.pth'
log_level = 'INFO'
log_processor = dict(by_epoch=True, type='LogProcessor', window_size=50)
max_epochs = 100
metainfo = dict(classes=(
    'MP',
    'OC',
    'SC',
    'SP',
    'SPC',
))
model = dict(
    backbone=dict(
        arch='b3',
        conv_cfg=dict(type='Conv2dSamePadding'),
        drop_path_rate=0.3,
        frozen_stages=0,
        init_cfg=dict(
            checkpoint=
            '/kaggle/input/checkpoint/efficientnet-b3_3rdparty_8xb32-aa-advprop_in1k_20220119-53b41118.pth',
            prefix='backbone',
            type='Pretrained'),
        norm_cfg=dict(
            eps=0.001, momentum=0.01, requires_grad=True, type='SyncBN'),
        norm_eval=False,
        out_indices=(
            3,
            4,
            5,
        ),
        type='EfficientNet'),
    bbox_head=dict(
        anchor_generator=dict(
            center_offset=0.5,
            octave_base_scale=4,
            ratios=[
                1.0,
                0.5,
                2.0,
            ],
            scales_per_octave=3,
            strides=[
                8,
                16,
                32,
                64,
                128,
            ],
            type='AnchorGenerator'),
        bbox_coder=dict(
            target_means=[
                0.0,
                0.0,
                0.0,
                0.0,
            ],
            target_stds=[
                1.0,
                1.0,
                1.0,
                1.0,
            ],
            type='DeltaXYWHBBoxCoder'),
        feat_channels=160,
        in_channels=160,
        loss_bbox=dict(beta=0.1, loss_weight=50, type='HuberLoss'),
        loss_cls=dict(
            alpha=0.25,
            gamma=1.5,
            loss_weight=1.0,
            type='FocalLoss',
            use_sigmoid=True),
        norm_cfg=dict(
            eps=0.001, momentum=0.01, requires_grad=True, type='SyncBN'),
        num_classes=5,
        num_ins=5,
        stacked_convs=4,
        type='EfficientDetSepBNHead'),
    data_preprocessor=dict(
        bgr_to_rgb=True,
        mean=[
            123.675,
            116.28,
            103.53,
        ],
        std=[
            58.395,
            57.12,
            57.375,
        ],
        type='DetDataPreprocessor'),
    neck=dict(
        in_channels=[
            48,
            136,
            384,
        ],
        norm_cfg=dict(
            eps=0.001, momentum=0.01, requires_grad=True, type='SyncBN'),
        num_stages=6,
        out_channels=160,
        start_level=0,
        type='BiFPN'),
    test_cfg=dict(
        max_per_img=100,
        min_bbox_size=0,
        nms=dict(
            iou_threshold=0.3,
            method='gaussian',
            min_score=0.001,
            sigma=0.5,
            type='soft_nms'),
        nms_pre=1000,
        score_thr=0.05),
    train_cfg=dict(
        allowed_border=-1,
        assigner=dict(
            ignore_iof_thr=-1,
            min_pos_iou=0,
            neg_iou_thr=0.5,
            pos_iou_thr=0.5,
            type='MaxIoUAssigner'),
        debug=False,
        pos_weight=-1,
        sampler=dict(type='PseudoSampler')),
    type='EfficientDet')
norm_cfg = dict(eps=0.001, momentum=0.01, requires_grad=True, type='SyncBN')
optim_wrapper = dict(
    clip_grad=dict(max_norm=10, norm_type=2),
    optimizer=dict(lr=0.16, momentum=0.9, type='SGD', weight_decay=4e-05),
    paramwise_cfg=dict(
        bias_decay_mult=0, bypass_duplicate=True, norm_decay_mult=0),
    type='OptimWrapper')
param_scheduler = [
    dict(begin=0, by_epoch=False, end=917, start_factor=0.1, type='LinearLR'),
    dict(
        T_max=49,
        begin=1,
        by_epoch=True,
        convert_to_iter_based=True,
        end=50,
        eta_min=0.0,
        type='CosineAnnealingLR'),
]
resume = False
test_cfg = dict(type='TestLoop')
test_dataloader = dict(
    batch_size=1,
    dataset=dict(
        ann_file='val.json',
        backend_args=None,
        data_prefix=dict(img='val/'),
        data_root='./datasets/',
        metainfo=dict(classes=(
            'MP',
            'OC',
            'SC',
            'SP',
            'SPC',
        )),
        pipeline=[
            dict(backend_args=None, type='LoadImageFromFile'),
            dict(keep_ratio=True, scale=(
                1024,
                1024,
            ), type='Resize'),
            dict(type='LoadAnnotations', with_bbox=True),
            dict(
                meta_keys=(
                    'img_id',
                    'img_path',
                    'ori_shape',
                    'img_shape',
                    'scale_factor',
                ),
                type='PackDetInputs'),
        ],
        test_mode=True,
        type='CocoDataset'),
    drop_last=False,
    num_workers=1,
    persistent_workers=True,
    sampler=dict(shuffle=False, type='DefaultSampler'))
test_evaluator = dict(
    ann_file='./datasets/val.json',
    backend_args=None,
    classwise=True,
    format_only=False,
    metric='bbox',
    type='CocoMetric')
test_pipeline = [
    dict(backend_args=None, type='LoadImageFromFile'),
    dict(keep_ratio=True, scale=(
        1024,
        1024,
    ), type='Resize'),
    dict(type='LoadAnnotations', with_bbox=True),
    dict(
        meta_keys=(
            'img_id',
            'img_path',
            'ori_shape',
            'img_shape',
            'scale_factor',
        ),
        type='PackDetInputs'),
]
train_batch_size_per_gpu = 2
train_cfg = dict(max_epochs=100, type='EpochBasedTrainLoop', val_interval=1)
train_dataloader = dict(
    batch_sampler=dict(type='AspectRatioBatchSampler'),
    batch_size=2,
    dataset=dict(
        ann_file='train.json',
        backend_args=None,
        data_prefix=dict(img='train/'),
        data_root='./datasets/',
        filter_cfg=dict(filter_empty_gt=True, min_size=32),
        metainfo=dict(classes=(
            'MP',
            'OC',
            'SC',
            'SP',
            'SPC',
        )),
        pipeline=[
            dict(backend_args=None, type='LoadImageFromFile'),
            dict(type='LoadAnnotations', with_bbox=True),
            dict(keep_ratio=True, scale=(
                1024,
                1024,
            ), type='Resize'),
            dict(type='PackDetInputs'),
        ],
        type='CocoDataset'),
    num_workers=1,
    persistent_workers=True,
    sampler=dict(shuffle=True, type='DefaultSampler'))
train_num_workers = 1
train_pipeline = [
    dict(backend_args=None, type='LoadImageFromFile'),
    dict(type='LoadAnnotations', with_bbox=True),
    dict(keep_ratio=True, scale=(
        1024,
        1024,
    ), type='Resize'),
    dict(type='PackDetInputs'),
]
val_batch_size_per_gpu = 1
val_cfg = dict(type='ValLoop')
val_dataloader = dict(
    batch_size=1,
    dataset=dict(
        ann_file='val.json',
        backend_args=None,
        data_prefix=dict(img='val/'),
        data_root='./datasets/',
        metainfo=dict(classes=(
            'MP',
            'OC',
            'SC',
            'SP',
            'SPC',
        )),
        pipeline=[
            dict(backend_args=None, type='LoadImageFromFile'),
            dict(keep_ratio=True, scale=(
                1024,
                1024,
            ), type='Resize'),
            dict(type='LoadAnnotations', with_bbox=True),
            dict(
                meta_keys=(
                    'img_id',
                    'img_path',
                    'ori_shape',
                    'img_shape',
                    'scale_factor',
                ),
                type='PackDetInputs'),
        ],
        test_mode=True,
        type='CocoDataset'),
    drop_last=False,
    num_workers=1,
    persistent_workers=True,
    sampler=dict(shuffle=False, type='DefaultSampler'))
val_evaluator = dict(
    ann_file='./datasets/val.json',
    backend_args=None,
    classwise=True,
    format_only=False,
    metric='bbox',
    type='CocoMetric')
val_num_workers = 1
vis_backends = [
    dict(type='LocalVisBackend'),
]
visualizer = dict(
    name='visualizer',
    type='DetLocalVisualizer',
    vis_backends=[
        dict(type='LocalVisBackend'),
    ])
work_dir = 'results/evaluate'

2025/09/28 18:25:28 - mmengine - INFO - Distributed training is not used, all SyncBatchNorm (SyncBN) layers in the model will be automatically reverted to BatchNormXd layers if they are used.
2025/09/28 18:25:28 - mmengine - INFO - Hooks will be executed in the following order:
before_run:
(VERY_HIGH   ) RuntimeInfoHook                    
(49          ) EMAHook                            
(BELOW_NORMAL) LoggerHook                         
 -------------------- 
after_load_checkpoint:
(49          ) EMAHook                            
 -------------------- 
before_train:
(VERY_HIGH   ) RuntimeInfoHook                    
(49          ) EMAHook                            
(NORMAL      ) IterTimerHook                      
(VERY_LOW    ) CheckpointHook                     
 -------------------- 
before_train_epoch:
(VERY_HIGH   ) RuntimeInfoHook                    
(NORMAL      ) IterTimerHook                      
(NORMAL      ) DistSamplerSeedHook                
 -------------------- 
before_train_iter:
(VERY_HIGH   ) RuntimeInfoHook                    
(NORMAL      ) IterTimerHook                      
 -------------------- 
after_train_iter:
(VERY_HIGH   ) RuntimeInfoHook                    
(49          ) EMAHook                            
(NORMAL      ) IterTimerHook                      
(BELOW_NORMAL) LoggerHook                         
(LOW         ) ParamSchedulerHook                 
(VERY_LOW    ) CheckpointHook                     
 -------------------- 
after_train_epoch:
(NORMAL      ) IterTimerHook                      
(LOW         ) ParamSchedulerHook                 
(VERY_LOW    ) CheckpointHook                     
 -------------------- 
before_val:
(VERY_HIGH   ) RuntimeInfoHook                    
 -------------------- 
before_val_epoch:
(49          ) EMAHook                            
(NORMAL      ) IterTimerHook                      
 -------------------- 
before_val_iter:
(NORMAL      ) IterTimerHook                      
 -------------------- 
after_val_iter:
(NORMAL      ) IterTimerHook                      
(NORMAL      ) DetVisualizationHook               
(BELOW_NORMAL) LoggerHook                         
 -------------------- 
after_val_epoch:
(VERY_HIGH   ) RuntimeInfoHook                    
(49          ) EMAHook                            
(NORMAL      ) IterTimerHook                      
(BELOW_NORMAL) LoggerHook                         
(LOW         ) ParamSchedulerHook                 
(VERY_LOW    ) CheckpointHook                     
 -------------------- 
after_val:
(VERY_HIGH   ) RuntimeInfoHook                    
 -------------------- 
before_save_checkpoint:
(49          ) EMAHook                            
 -------------------- 
after_train:
(VERY_HIGH   ) RuntimeInfoHook                    
(VERY_LOW    ) CheckpointHook                     
 -------------------- 
before_test:
(VERY_HIGH   ) RuntimeInfoHook                    
 -------------------- 
before_test_epoch:
(49          ) EMAHook                            
(NORMAL      ) IterTimerHook                      
 -------------------- 
before_test_iter:
(NORMAL      ) IterTimerHook                      
 -------------------- 
after_test_iter:
(NORMAL      ) IterTimerHook                      
(NORMAL      ) DetVisualizationHook               
(BELOW_NORMAL) LoggerHook                         
 -------------------- 
after_test_epoch:
(VERY_HIGH   ) RuntimeInfoHook                    
(49          ) EMAHook                            
(NORMAL      ) IterTimerHook                      
(BELOW_NORMAL) LoggerHook                         
 -------------------- 
after_test:
(VERY_HIGH   ) RuntimeInfoHook                    
 -------------------- 
after_run:
(BELOW_NORMAL) LoggerHook                         
 -------------------- 
2025/09/28 18:25:29 - mmengine - WARNING - The prefix is not set in metric class DumpDetResults.
2025/09/28 18:25:31 - mmengine - INFO - Load checkpoint from /kaggle/input/inference-efficientdet/best_coco_MP_precision_epoch_43.pth
2025/09/28 18:25:34 - mmengine - INFO - Epoch(test) [ 5/43]    eta: 0:00:27  time: 0.7368  data_time: 0.0441  memory: 7497  
2025/09/28 18:25:35 - mmengine - INFO - Epoch(test) [10/43]    eta: 0:00:13  time: 0.4236  data_time: 0.0238  memory: 560  
2025/09/28 18:25:35 - mmengine - INFO - Epoch(test) [15/43]    eta: 0:00:08  time: 0.3191  data_time: 0.0169  memory: 560  
2025/09/28 18:25:36 - mmengine - INFO - Epoch(test) [20/43]    eta: 0:00:06  time: 0.2668  data_time: 0.0135  memory: 560  
2025/09/28 18:25:36 - mmengine - INFO - Epoch(test) [25/43]    eta: 0:00:04  time: 0.2355  data_time: 0.0114  memory: 560  
2025/09/28 18:25:37 - mmengine - INFO - Epoch(test) [30/43]    eta: 0:00:02  time: 0.2147  data_time: 0.0101  memory: 560  
2025/09/28 18:25:38 - mmengine - INFO - Epoch(test) [35/43]    eta: 0:00:01  time: 0.1998  data_time: 0.0091  memory: 560  
2025/09/28 18:25:38 - mmengine - INFO - Epoch(test) [40/43]    eta: 0:00:00  time: 0.1887  data_time: 0.0084  memory: 560  
2025/09/28 18:25:38 - mmengine - INFO - Evaluating bbox...
2025/09/28 18:25:39 - mmengine - INFO - 
+----------+-------+--------+--------+-------+-------+-------+
| category | mAP   | mAP_50 | mAP_75 | mAP_s | mAP_m | mAP_l |
+----------+-------+--------+--------+-------+-------+-------+
| MP       | 0.701 | 0.811  | 0.792  | nan   | 0.643 | 0.789 |
| OC       | 0.566 | 0.948  | 0.653  | nan   | 0.558 | 0.75  |
| SC       | 0.448 | 0.878  | 0.317  | nan   | 0.455 | 0.35  |
| SP       | 0.564 | 0.881  | 0.544  | nan   | 0.564 | nan   |
| SPC      | 0.538 | 0.955  | 0.59   | nan   | 0.565 | 0.444 |
+----------+-------+--------+--------+-------+-------+-------+
2025/09/28 18:25:39 - mmengine - INFO - bbox_mAP_copypaste: 0.563 0.894 0.579 -1.000 0.557 0.583
2025/09/28 18:25:39 - mmengine - INFO - Results has been saved to results/results.pkl.
2025/09/28 18:25:39 - mmengine - INFO - Epoch(test) [43/43]    coco/MP_precision: 0.7010  coco/OC_precision: 0.5660  coco/SC_precision: 0.4480  coco/SP_precision: 0.5640  coco/SPC_precision: 0.5380  coco/bbox_mAP: 0.5630  coco/bbox_mAP_50: 0.8940  coco/bbox_mAP_75: 0.5790  coco/bbox_mAP_s: -1.0000  coco/bbox_mAP_m: 0.5570  coco/bbox_mAP_l: 0.5830  data_time: 0.0081  time: 0.1832
